<?xml version="1.0" encoding="UTF-8"?>
<!-- Generated by org.testng.reporters.JUnitReportReporter -->
<testsuite skipped="0" hostname="siva-7333" name="Runners.TestRunner" tests="2" failures="0" timestamp="2022-01-26T03:00:36 IST" time="0.148" errors="0">
  <testcase name="runScenario" time="0.126" classname="Runners.TestRunner"/>
  <system-out/>
  <testcase name="runScenario" time="0.022" classname="Runners.TestRunner"/>
  <system-out/>
</testsuite> <!-- Runners.TestRunner -->
